

       Matrix Size                  Problem      Size
       -----------                  -----------------
    CM Rows:                 84     Angles         42
    CM Columns:             116     Voltages       42
    Jacobian elements:      656     Xformers       15
    KTM elements:          1084     MW gens         1
                                    MV gens        13
                                    Bus Shunts      0
                                    Sw. Shunts      2
                                    Load Shed       1
                                    Flows           0
                                    Interfaces      0
                                    S. Compen.      0
                                    R-cap.          0
                                    Res. Units      0
                                    Reserves        0
                                    Area Int.       0
                                    Lin. Dep.       0
                                    Segments        0

 All data appears to be okay

 KKT Matrix Factorize statistics...
 ----------------------------------
 Symbolic Factors. Opts:     199   Elements:    164   Compres:       0    % Fill-in:     21

 KKT Matrix Factorize statistics...
 ----------------------------------
 Symbolic Factors. Opts:    8398   Elements:   1697   Compres:       1    % Fill-in:     83
 Unfactored.    Columns:     182   Elements:    927   Density:    2.80
 Numeric  Factors. 2x2s:      27   Elements:   1710   Compres:       1    % Fill-in:     84
       Neg. Eigenvalues:      84  Max front:     17  N-Steps :      81


 ITER  MU NL OBJECTIVE  NORM RHS  MISMATCH(PU)  ROW EQUATION       NEAREST VARIABLE    STEP SIZE   NE
 ----  -- ------------ ---------- ------------------------------  ------------------------------  ---
   1    0  2.10416E+05   9.72E+04   3.64E+00    Qeqn     19        Shed       +1        3.74E-02
   2x   2  2.08558E+05   1.23E+05   3.09E+00    Qeqn     19        Volt     20          3.68E-02
   3    1  2.09930E+05   8.92E+04   2.98E+00    Qeqn     19        Volt     19      u   8.01E-01
   4    1  2.07818E+05   1.89E+04   6.85E-02    Qeqn     19        Shed       +1        7.20E-01
   5    0  2.07354E+05   1.74E+04   1.95E-03    Peqn      8        Shed       +1        6.75E-01
   6   -1  2.06918E+05   1.66E+04   5.15E-03    Peqn     41        Volt      1      u   4.53E-01
   7x  -1  2.06715E+05   1.61E+04   6.87E-03    Peqn      3        Volt      1      u   6.82E-01
   8   -1  2.06685E+05   1.65E+04   2.91E-03    Peqn     20        Volt     29      u   7.19E-01
   9   -2  2.06669E+05   1.62E+04   1.48E-03    Peqn     20        Volt      6      u   5.34E-01
  10   -3  2.06668E+05   1.62E+04   7.10E-04    Peqn     20        Volt     10      u   6.85E-01
  11   -4  2.06667E+05   1.62E+04   2.26E-04    Peqn     20                             1.00E+00
  12   -4  2.06667E+05   9.83E+03   3.29E-06    Qeqn     37

 Optimal Solution Found.

 Minimum fuel cost objective: 196939.

 Minimum load shed objective: 9728.40

 Elapsed time: 0 minutes, .144531 seconds.

     CPU time: 0 minutes, .156250E-01 seconds.

 Column        Name            F S      Value         Lower         Upper          Cost
 -------- ------------------  ----  ------------  ------------  ------------  ------------
       1   Angl      1           3       -0.2127       -6.2832        6.2832
       2   Angl      2           3       -0.2462       -6.2832        6.2832
       3   Angl      3           3       -0.3829       -6.2832        6.2832
       4   Angl      4           3       -0.4209       -6.2832        6.2832
       5   Angl      5           3       -0.4038       -6.2832        6.2832
       6   Angl      6           3       -0.3977       -6.2832        6.2832
       7   Angl      7           3       -0.4148       -6.2832        6.2832
       8   Angl      8           3       -0.4137       -6.2832        6.2832
       9   Angl      9           3       -0.2825       -6.2832        6.2832
      10   Angl     10           3       -0.3828       -6.2832        6.2832
      11   Angl     11           3       -0.3896       -6.2832        6.2832
      12   Angl     12           3       -0.4150       -6.2832        6.2832
      13   Angl     13           3       -0.3930       -6.2832        6.2832
      14   Angl     14           3       -0.4121       -6.2832        6.2832
      15   Angl     15           3       -0.4391       -6.2832        6.2832
      16   Angl     16           3       -0.4256       -6.2832        6.2832
      17   Angl     17           3       -0.4083       -6.2832        6.2832
      18   Angl     18           3       -0.4064       -6.2832        6.2832
      19   Angl     19           3       -0.3917       -6.2832        6.2832
      20   Angl     20           3       -0.4256       -6.2832        6.2832
      21   Angl     21           3       -0.4084       -6.2832        6.2832
      22   Angl     22           3       -0.3558       -6.2832        6.2832
      23   Angl     23           3       -0.3581       -6.2832        6.2832
      24   Angl     24           3       -0.4308       -6.2832        6.2832
      25   Angl     25           3       -0.2491       -6.2832        6.2832
      26   Angl     26           3       -0.3147       -6.2832        6.2832
      27   Angl     27           3       -0.3781       -6.2832        6.2832
      28   Angl     28           3       -0.2409       -6.2832        6.2832
      29   Angl     29           3       -0.1890       -6.2832        6.2832
      30   Angl     30           3       -0.1706       -6.2832        6.2832
      31   Angl     31           3       -0.3188       -6.2832        6.2832
      32   Angl     32           3       -0.2928       -6.2832        6.2832
      33   Angl     33           3       -0.3292       -6.2832        6.2832
      34   Angl     34           3       -0.3470       -6.2832        6.2832
      35   Angl     35           3       -0.2969       -6.2832        6.2832
      36   Angl     36           3       -0.2481       -6.2832        6.2832
      37   Angl     37           3       -0.1528       -6.2832        6.2832
      38   Angl     38           3       -0.1258       -6.2832        6.2832
      39   Angl     39         F 4       -0.1913       -6.2832        6.2832
      40   Angl     40           3       -0.0431       -6.2832        6.2832
      41   Angl     41           3        0.0125       -6.2832        6.2832
      42   Angl     42           3        0.0223       -6.2832        6.2832
      43   Volt      1         U 1        1.0500        0.9500        1.0500    -2028.1225
      44   Volt      2           2        1.0419        0.9500        1.0500
      45   Volt      3           2        1.0105        0.9500        1.0500
      46   Volt      4           2        1.0321        0.9500        1.0500
      47   Volt      5         U 1        1.0491        0.9500        1.0500       -0.3089
      48   Volt      6         U 1        1.0500        0.9500        1.0500     -745.0413
      49   Volt      7           2        1.0366        0.9500        1.0500
      50   Volt      8           2        1.0352        0.9500        1.0500
      51   Volt      9           2        1.0427        0.9500        1.0500
      52   Volt     10         U 1        1.0500        0.9500        1.0500     -551.3413
      53   Volt     11         U 1        1.0495        0.9500        1.0500       -0.8044
      54   Volt     12           2        1.0463        0.9500        1.0500
      55   Volt     13           2        1.0456        0.9500        1.0500
      56   Volt     14           2        1.0360        0.9500        1.0500
      57   Volt     15           2        1.0156        0.9500        1.0500
      58   Volt     16           2        1.0196        0.9500        1.0500
      59   Volt     17           2        1.0189        0.9500        1.0500
      60   Volt     18           2        1.0143        0.9500        1.0500
      61   Volt     19         U 1        1.0500        0.9500        1.0500     -254.4127
      62   Volt     20           2        0.9906        0.9500        1.0500
      63   Volt     21           2        1.0248        0.9500        1.0500
      64   Volt     22           2        1.0460        0.9500        1.0500
      65   Volt     23           2        1.0389        0.9500        1.0500
      66   Volt     24           2        1.0267        0.9500        1.0500
      67   Volt     25           2        1.0448        0.9500        1.0500
      68   Volt     26           2        1.0394        0.9500        1.0500
      69   Volt     27           2        1.0227        0.9500        1.0500
      70   Volt     28           2        1.0467        0.9500        1.0500
      71   Volt     29         U 1        1.0500        0.9500        1.0500     -792.0586
      72   Volt     30           2        1.0403        0.9500        1.0500
      73   Volt     31           2        0.9942        0.9500        1.0500
      74   Volt     32           2        1.0001        0.9500        1.0500
      75   Volt     33           2        1.0046        0.9500        1.0500
      76   Volt     34           2        1.0109        0.9500        1.0500
      77   Volt     35         U 1        1.0500        0.9500        1.0500     -619.5159
      78   Volt     36         U 1        1.0500        0.9500        1.0500     -531.5166
      79   Volt     37           2        1.0389        0.9500        1.0500
      80   Volt     38           2        1.0467        0.9500        1.0500
      81   Volt     39           2        1.0355        0.9500        1.0500
      82   Volt     40         U 1        1.0500        0.9500        1.0500     -639.2189
      83   Volt     41         U 1        1.0500        0.9500        1.0500     -240.1252
      84   Volt     42           2        1.0051        0.9500        1.0500
      85   Trns      2         F 4        0.9756        0.8333        1.2500      -21.5645
      86   Trns     40         F 4        1.0000        0.8333        1.2500     -671.1797
      87   Trns                F 4        1.0975        0.8333        1.2500        0.0011
      88   Trns                F 4        0.9346        0.8333        1.2500       -0.0000
      89   Trns                F 4        0.9940        0.8333        1.2500       41.4192
      90   Trns                F 4        0.9940        0.8333        1.2500      -41.4935
      91   Trns                F 4        0.9434        0.8333        1.2500     -348.0280
      92   Trns                F 4        0.9346        0.8333        1.2500     -224.8759
      93   Trns                F 4        0.9911        0.8333        1.2500     -270.5819
      94   Trns                F 4        0.9756        0.8333        1.2500      627.0705
      95   Trns                F 4        1.0000        0.8333        1.2500      415.4189
      96   Trns                F 4        0.9756        0.8333        1.2500     -157.0683
      97   Trns                F 4        0.9756        0.8333        1.2500     -213.9225
      98   Trns     41         F 4        1.0000        0.8333        1.2500     -252.1312
      99   Trns     42         F 4        1.0000        0.8333        1.2500       -0.0011
     100   Pgen        1         2        4.4128      -99.9900       99.9900
     101   Qgen     30         U 1        1.5318       -0.5808        1.5318      -28.8642
     102   Qgen     31           2        2.3364       -1.2266        4.2980
     103   Qgen     32           2        1.1370       -1.8022        4.4672
     104   Qgen     33           2        1.5624       -2.1378        5.4821
     105   Qgen     34           2        1.5848       -1.8803        6.1150
     106   Qgen     35           2        2.2943       -2.3497        5.9379
     107   Qgen     36           2        0.5898       -2.4913        5.6837
     108   Qgen     37           2        0.9731       -2.1612        4.4347
     109   Qgen     38           2        1.4082       -3.5689        8.3478
     110   Qgen     39           2        1.6573       -1.7326        5.7485
     111   Qgen     40           2        0.6192       -2.1993        2.1993
     112   Qgen     41           2        0.4461       -0.9728        0.9728
     113   Qgen     42           2       -0.1385       -0.9728        0.9728
     114   Shnt      4         F 4        1.0000        0.0000        1.0000      -24.4373
     115   Shnt      5         F 4        1.9998        0.0000        2.0000       -2.2396
     116   Shed       +1       L 0        0.9000        0.9000        1.0000    16245.0153

  Row        Name             Lagrange Mult.
 -------- ------------------ ---------------
       1   Peqn      1         -6757.56
       2   Peqn      2         -6778.98
       3   Peqn      3         -6952.08
       4   Peqn      4         -6980.08
       5   Peqn      5         -6957.94
       6   Peqn      6         -6951.19
       7   Peqn      7         -6966.35
       8   Peqn      8         -6964.51
       9   Peqn      9         -6825.68
      10   Peqn     10         -6933.95
      11   Peqn     11         -6942.44
      12   Peqn     12         -6957.70
      13   Peqn     13         -6947.99
      14   Peqn     14         -6974.42
      15   Peqn     15         -7016.10
      16   Peqn     16         -6999.68
      17   Peqn     17         -6982.32
      18   Peqn     18         -6980.65
      19   Peqn     19         -6956.97
      20   Peqn     20         -6982.09
      21   Peqn     21         -6982.69
      22   Peqn     22         -6936.56
      23   Peqn     23         -6938.24
      24   Peqn     24         -7003.87
      25   Peqn     25         -6785.89
      26   Peqn     26         -6868.61
      27   Peqn     27         -6953.29
      28   Peqn     28         -6774.01
      29   Peqn     29         -6707.46
      30   Peqn     30         -6774.52
      31   Peqn     31         -6951.19
      32   Peqn     32         -6933.95
      33   Peqn     33         -6912.77
      34   Peqn     34         -6925.28
      35   Peqn     35         -6936.04
      36   Peqn     36         -6908.27
      37   Peqn     37         -6751.57
      38   Peqn     38         -6662.79
      39   Peqn     39         -6761.10
      40   Peqn     40         -6772.79
      41   Peqn     41         -6705.17
      42   Peqn     42         -6761.10
      43   Qeqn      1          26.5479
      44   Qeqn      2         -30.0447
      45   Qeqn      3         -57.2446
      46   Qeqn      4         -22.9406
      47   Qeqn      5         -2.03495
      48   Qeqn      6        -3.588408E-05
      49   Qeqn      7         -12.2863
      50   Qeqn      8         -14.7581
      51   Qeqn      9         -9.68805
      52   Qeqn     10         1.153074E-05
      53   Qeqn     11        -0.467283
      54   Qeqn     12         -6.49793
      55   Qeqn     13         -5.65051
      56   Qeqn     14         -18.3250
      57   Qeqn     15         -41.7538
      58   Qeqn     16         -38.1882
      59   Qeqn     17         -41.6879
      60   Qeqn     18         -48.7907
      61   Qeqn     19         -12.6035
      62   Qeqn     20         -15.4875
      63   Qeqn     21         -29.8248
      64   Qeqn     22         -8.66586
      65   Qeqn     23         -14.4489
      66   Qeqn     24         -31.3373
      67   Qeqn     25         -4.16575
      68   Qeqn     26         -20.2461
      69   Qeqn     27         -38.6766
      70   Qeqn     28         -13.9909
      71   Qeqn     29         -11.2035
      72   Qeqn     30         -28.8642
      73   Qeqn     31        -5.825237E-05
      74   Qeqn     32         1.066807E-05
      75   Qeqn     33         3.974968E-06
      76   Qeqn     34         1.700410E-05
      77   Qeqn     35        -1.493755E-05
      78   Qeqn     36         3.289245E-05
      79   Qeqn     37         6.024522E-06
      80   Qeqn     38         1.485039E-05
      81   Qeqn     39         1.398379E-05
      82   Qeqn     40        -7.057748E-05
      83   Qeqn     41        -3.116962E-04
      84   Qeqn     42         7.184354E-05
